[debug] [2025-01-17T22:20:24.304Z] ----------------------------------------------------------------------
[debug] [2025-01-17T22:20:24.306Z] Command:       C:\Users\Igorj\DOWNLO~1\firebase-tools-instant-win.exe C:\Users\Igorj\.cache\firebase\tools\lib\node_modules\firebase-tools\lib\bin\firebase emulators:start --only database,firestore
[debug] [2025-01-17T22:20:24.306Z] CLI Version:   13.29.0
[debug] [2025-01-17T22:20:24.306Z] Platform:      win32
[debug] [2025-01-17T22:20:24.306Z] Node Version:  v18.5.0
[debug] [2025-01-17T22:20:24.307Z] Time:          Fri Jan 17 2025 14:20:24 GMT-0800 (Pacific Standard Time)
[debug] [2025-01-17T22:20:24.307Z] ----------------------------------------------------------------------
[debug] 
[debug] [2025-01-17T22:20:24.355Z] > command requires scopes: ["email","openid","https://www.googleapis.com/auth/cloudplatformprojects.readonly","https://www.googleapis.com/auth/firebase","https://www.googleapis.com/auth/cloud-platform"]
[debug] [2025-01-17T22:20:24.356Z] > authorizing via signed-in user (forthelion.reaperandtear@gmail.com)
[debug] [2025-01-17T22:20:25.048Z] openjdk version "21.0.3" 2024-04-16 LTS
OpenJDK Runtime Environment Temurin-21.0.3+9 (build 21.0.3+9-LTS)
OpenJDK 64-Bit Server VM Temurin-21.0.3+9 (build 21.0.3+9-LTS, mixed mode, sharing)

[debug] [2025-01-17T22:20:25.137Z] Parsed Java major version: 21
[info] i  emulators: Starting emulators: firestore, database {"metadata":{"emulator":{"name":"hub"},"message":"Starting emulators: firestore, database"}}
[debug] [2025-01-17T22:20:25.150Z] [logging] Logging Emulator only supports listening on one address (127.0.0.1). Not listening on ::1
[debug] [2025-01-17T22:20:25.150Z] [firestore] Firestore Emulator only supports listening on one address (127.0.0.1). Not listening on ::1
[debug] [2025-01-17T22:20:25.150Z] [firestore.websocket] websocket server for firestore only supports listening on one address (127.0.0.1). Not listening on ::1
[debug] [2025-01-17T22:20:25.150Z] [database] Database Emulator only supports listening on one address (127.0.0.1). Not listening on ::1
[debug] [2025-01-17T22:20:25.150Z] assigned listening specs for emulators {"user":{"hub":[{"address":"127.0.0.1","family":"IPv4","port":4400},{"address":"::1","family":"IPv6","port":4400}],"ui":[{"address":"127.0.0.1","family":"IPv4","port":4000},{"address":"::1","family":"IPv6","port":4000}],"logging":[{"address":"127.0.0.1","family":"IPv4","port":4500}],"firestore":[{"address":"127.0.0.1","family":"IPv4","port":8080}],"firestore.websocket":[{"address":"127.0.0.1","family":"IPv4","port":9150}],"database":[{"address":"127.0.0.1","family":"IPv4","port":9000}]},"metadata":{"message":"assigned listening specs for emulators"}}
[debug] [2025-01-17T22:20:25.163Z] [hub] writing locator at C:\Users\Igorj\AppData\Local\Temp\hub-clover-c221f.json
[warn] !  firestore: Cloud Firestore Emulator does not support multiple databases yet. {"metadata":{"emulator":{"name":"firestore"},"message":"Cloud Firestore Emulator does not support multiple databases yet."}}
[warn] !  firestore: Did not find a Cloud Firestore rules file specified in a firebase.json config file. {"metadata":{"emulator":{"name":"firestore"},"message":"Did not find a Cloud Firestore rules file specified in a firebase.json config file."}}
[warn] !  firestore: The emulator will default to allowing all reads and writes. Learn more about this option: https://firebase.google.com/docs/emulator-suite/install_and_configure#security_rules_configuration. {"metadata":{"emulator":{"name":"firestore"},"message":"The emulator will default to allowing all reads and writes. Learn more about this option: https://firebase.google.com/docs/emulator-suite/install_and_configure#security_rules_configuration."}}
[info] i  firestore: downloading cloud-firestore-emulator-v1.19.8.jar... {"metadata":{"emulator":{"name":"firestore"},"message":"downloading cloud-firestore-emulator-v1.19.8.jar..."}}
[debug] [2025-01-17T22:20:25.177Z] >>> [apiv2][query] GET https://storage.googleapis.com/firebase-preview-drop/emulator/cloud-firestore-emulator-v1.19.8.jar 
[debug] [2025-01-17T22:20:25.290Z] <<< [apiv2][status] GET https://storage.googleapis.com/firebase-preview-drop/emulator/cloud-firestore-emulator-v1.19.8.jar 200
[debug] [2025-01-17T22:20:25.290Z] <<< [apiv2][body] GET https://storage.googleapis.com/firebase-preview-drop/emulator/cloud-firestore-emulator-v1.19.8.jar [stream]
[debug] [2025-01-17T22:20:37.577Z] Ignoring unsupported arg: auto_download {"metadata":{"emulator":{"name":"firestore"},"message":"Ignoring unsupported arg: auto_download"}}
[debug] [2025-01-17T22:20:37.577Z] Ignoring unsupported arg: single_project_mode_error {"metadata":{"emulator":{"name":"firestore"},"message":"Ignoring unsupported arg: single_project_mode_error"}}
[debug] [2025-01-17T22:20:37.578Z] Starting Firestore Emulator with command {"binary":"java","args":["-Dgoogle.cloud_firestore.debug_log_level=FINE","-Duser.language=en","-jar","C:\\Users\\Igorj\\.cache\\firebase\\emulators\\cloud-firestore-emulator-v1.19.8.jar","--host","127.0.0.1","--port",8080,"--websocket_port",9150,"--project_id","clover-c221f","--single_project_mode",true],"optionalArgs":["port","webchannel_port","host","rules","websocket_port","functions_emulator","seed_from_export","project_id","single_project_mode"],"joinArgs":false,"shell":false,"port":8080} {"metadata":{"emulator":{"name":"firestore"},"message":"Starting Firestore Emulator with command {\"binary\":\"java\",\"args\":[\"-Dgoogle.cloud_firestore.debug_log_level=FINE\",\"-Duser.language=en\",\"-jar\",\"C:\\\\Users\\\\Igorj\\\\.cache\\\\firebase\\\\emulators\\\\cloud-firestore-emulator-v1.19.8.jar\",\"--host\",\"127.0.0.1\",\"--port\",8080,\"--websocket_port\",9150,\"--project_id\",\"clover-c221f\",\"--single_project_mode\",true],\"optionalArgs\":[\"port\",\"webchannel_port\",\"host\",\"rules\",\"websocket_port\",\"functions_emulator\",\"seed_from_export\",\"project_id\",\"single_project_mode\"],\"joinArgs\":false,\"shell\":false,\"port\":8080}"}}
[info] i  firestore: Firestore Emulator logging to firestore-debug.log {"metadata":{"emulator":{"name":"firestore"},"message":"Firestore Emulator logging to \u001b[1mfirestore-debug.log\u001b[22m"}}
[debug] [2025-01-17T22:20:39.004Z] Jan 17, 2025 2:20:38 PM com.google.cloud.datastore.emulator.firestore.websocket.WebSocketServer start
INFO: Started WebSocket server on ws://127.0.0.1:9150
 {"metadata":{"emulator":{"name":"firestore"},"message":"Jan 17, 2025 2:20:38 PM com.google.cloud.datastore.emulator.firestore.websocket.WebSocketServer start\r\nINFO: Started WebSocket server on ws://127.0.0.1:9150\r\n"}}
[debug] [2025-01-17T22:20:39.045Z] API endpoint: http://127.0.0.1:8080
If you are using a library that supports the FIRESTORE_EMULATOR_HOST environment variable, run:

   export FIRESTORE_EMULATOR_HOST=127.0.0.1:8080

 {"metadata":{"emulator":{"name":"firestore"},"message":"API endpoint: http://127.0.0.1:8080\nIf you are using a library that supports the FIRESTORE_EMULATOR_HOST environment variable, run:\r\n\n   export FIRESTORE_EMULATOR_HOST=127.0.0.1:8080\n\n"}}
[debug] [2025-01-17T22:20:39.046Z] If you are running a Firestore in Datastore Mode project, run:

   export DATASTORE_EMULATOR_HOST=127.0.0.1:8080

Note: Support for Datastore Mode is in preview. If you encounter any bugs please file at https://github.com/firebase/firebase-tools/issues.
Dev App Server is now running.

 {"metadata":{"emulator":{"name":"firestore"},"message":"If you are running a Firestore in Datastore Mode project, run:\r\n\n   export DATASTORE_EMULATOR_HOST=127.0.0.1:8080\n\nNote: Support for Datastore Mode is in preview. If you encounter any bugs please file at https://github.com/firebase/firebase-tools/issues.\r\nDev App Server is now running.\n\r\n"}}
[info] +  firestore: Firestore Emulator UI websocket is running on 9150. {"metadata":{"emulator":{"name":"firestore"},"message":"Firestore Emulator UI websocket is running on 9150."}}
[debug] [2025-01-17T22:20:39.231Z] Checked if tokens are valid: true, expires at: 1737155160675
[debug] [2025-01-17T22:20:39.232Z] Checked if tokens are valid: true, expires at: 1737155160675
[debug] [2025-01-17T22:20:39.233Z] >>> [apiv2][query] GET https://firebase.googleapis.com/v1beta1/projects/clover-c221f [none]
[debug] [2025-01-17T22:20:39.386Z] <<< [apiv2][status] GET https://firebase.googleapis.com/v1beta1/projects/clover-c221f 200
[debug] [2025-01-17T22:20:39.386Z] <<< [apiv2][body] GET https://firebase.googleapis.com/v1beta1/projects/clover-c221f {"projectId":"clover-c221f","projectNumber":"786460824960","displayName":"clover","name":"projects/clover-c221f","resources":{"hostingSite":"clover-c221f"},"state":"ACTIVE","etag":"1_8180bb2c-6c73-4e49-9466-63576d3d9e0c"}
[debug] [2025-01-17T22:20:39.386Z] database rules config:  []
[warn] !  database: Did not find a Realtime Database rules file specified in a firebase.json config file. The emulator will default to allowing all reads and writes. Learn more about this option: https://firebase.google.com/docs/emulator-suite/install_and_configure#security_rules_configuration. {"metadata":{"emulator":{"name":"database"},"message":"Did not find a Realtime Database rules file specified in a firebase.json config file. The emulator will default to allowing all reads and writes. Learn more about this option: https://firebase.google.com/docs/emulator-suite/install_and_configure#security_rules_configuration."}}
[info] i  database: downloading firebase-database-emulator-v4.11.2.jar... {"metadata":{"emulator":{"name":"database"},"message":"downloading firebase-database-emulator-v4.11.2.jar..."}}
[debug] [2025-01-17T22:20:39.390Z] >>> [apiv2][query] GET https://storage.googleapis.com/firebase-preview-drop/emulator/firebase-database-emulator-v4.11.2.jar 
[debug] [2025-01-17T22:20:39.504Z] <<< [apiv2][status] GET https://storage.googleapis.com/firebase-preview-drop/emulator/firebase-database-emulator-v4.11.2.jar 200
[debug] [2025-01-17T22:20:39.505Z] <<< [apiv2][body] GET https://storage.googleapis.com/firebase-preview-drop/emulator/firebase-database-emulator-v4.11.2.jar [stream]
[debug] [2025-01-17T22:20:48.215Z] Ignoring unsupported arg: projectId {"metadata":{"emulator":{"name":"database"},"message":"Ignoring unsupported arg: projectId"}}
[debug] [2025-01-17T22:20:48.216Z] Ignoring unsupported arg: auto_download {"metadata":{"emulator":{"name":"database"},"message":"Ignoring unsupported arg: auto_download"}}
[debug] [2025-01-17T22:20:48.216Z] Ignoring unsupported arg: rules {"metadata":{"emulator":{"name":"database"},"message":"Ignoring unsupported arg: rules"}}
[debug] [2025-01-17T22:20:48.216Z] Starting Database Emulator with command {"binary":"java","args":["-Duser.language=en","-jar","C:\\Users\\Igorj\\.cache\\firebase\\emulators\\firebase-database-emulator-v4.11.2.jar","--host","127.0.0.1","--port",9000,"--single_project_mode","Warning"],"optionalArgs":["port","host","functions_emulator_port","functions_emulator_host","single_project_mode"],"joinArgs":false,"shell":false,"port":9000} {"metadata":{"emulator":{"name":"database"},"message":"Starting Database Emulator with command {\"binary\":\"java\",\"args\":[\"-Duser.language=en\",\"-jar\",\"C:\\\\Users\\\\Igorj\\\\.cache\\\\firebase\\\\emulators\\\\firebase-database-emulator-v4.11.2.jar\",\"--host\",\"127.0.0.1\",\"--port\",9000,\"--single_project_mode\",\"Warning\"],\"optionalArgs\":[\"port\",\"host\",\"functions_emulator_port\",\"functions_emulator_host\",\"single_project_mode\"],\"joinArgs\":false,\"shell\":false,\"port\":9000}"}}
[info] i  database: Database Emulator logging to database-debug.log {"metadata":{"emulator":{"name":"database"},"message":"Database Emulator logging to \u001b[1mdatabase-debug.log\u001b[22m"}}
[debug] [2025-01-17T22:20:49.296Z] 14:20:49.293 [NamespaceSystem-akka.actor.default-dispatcher-5] INFO akka.event.slf4j.Slf4jLogger - Slf4jLogger started
 {"metadata":{"emulator":{"name":"database"},"message":"14:20:49.293 [NamespaceSystem-akka.actor.default-dispatcher-5] INFO akka.event.slf4j.Slf4jLogger - Slf4jLogger started\r\n"}}
[debug] [2025-01-17T22:20:49.502Z] 14:20:49.502 [main] INFO com.firebase.server.forge.App$ - Listening at 127.0.0.1:9000
 {"metadata":{"emulator":{"name":"database"},"message":"14:20:49.502 [main] INFO com.firebase.server.forge.App$ - Listening at 127.0.0.1:9000\r\n"}}
[info] i  ui: downloading ui-v1.14.0.zip... {"metadata":{"emulator":{"name":"ui"},"message":"downloading ui-v1.14.0.zip..."}}
[debug] [2025-01-17T22:20:49.668Z] >>> [apiv2][query] GET https://storage.googleapis.com/firebase-preview-drop/emulator/ui-v1.14.0.zip 
[debug] [2025-01-17T22:20:49.717Z] <<< [apiv2][status] GET https://storage.googleapis.com/firebase-preview-drop/emulator/ui-v1.14.0.zip 200
[debug] [2025-01-17T22:20:49.717Z] <<< [apiv2][body] GET https://storage.googleapis.com/firebase-preview-drop/emulator/ui-v1.14.0.zip [stream]
[debug] [2025-01-17T22:20:50.231Z] Data is 3615311
[debug] [2025-01-17T22:20:50.231Z] [unzip] Entry: client/ (compressed_size=0 bytes, uncompressed_size=0 bytes)
[debug] [2025-01-17T22:20:50.231Z] [unzip] Processing entry: client\
[debug] [2025-01-17T22:20:50.232Z] [unzip] mkdir: C:\Users\Igorj\.cache\firebase\emulators\ui-v1.14.0\client\
[debug] [2025-01-17T22:20:50.233Z] [unzip] Entry: client/favicon-16x16.png (compressed_size=293 bytes, uncompressed_size=293 bytes)
[debug] [2025-01-17T22:20:50.233Z] [unzip] Processing entry: client\favicon-16x16.png
[debug] [2025-01-17T22:20:50.233Z] [unzip] else mkdir: C:\Users\Igorj\.cache\firebase\emulators\ui-v1.14.0\client
[debug] [2025-01-17T22:20:50.234Z] [unzip] Writing file: C:\Users\Igorj\.cache\firebase\emulators\ui-v1.14.0\client\favicon-16x16.png
[debug] [2025-01-17T22:20:50.236Z] [unzip] Entry: client/safari-pinned-tab.svg (compressed_size=1433 bytes, uncompressed_size=2611 bytes)
[debug] [2025-01-17T22:20:50.236Z] [unzip] Processing entry: client\safari-pinned-tab.svg
[debug] [2025-01-17T22:20:50.236Z] [unzip] else mkdir: C:\Users\Igorj\.cache\firebase\emulators\ui-v1.14.0\client
[debug] [2025-01-17T22:20:50.237Z] [unzip] deflating: C:\Users\Igorj\.cache\firebase\emulators\ui-v1.14.0\client\safari-pinned-tab.svg
[debug] [2025-01-17T22:20:50.242Z] [unzip] Entry: client/favicon.ico (compressed_size=2933 bytes, uncompressed_size=13294 bytes)
[debug] [2025-01-17T22:20:50.242Z] [unzip] Processing entry: client\favicon.ico
[debug] [2025-01-17T22:20:50.242Z] [unzip] else mkdir: C:\Users\Igorj\.cache\firebase\emulators\ui-v1.14.0\client
[debug] [2025-01-17T22:20:50.243Z] [unzip] deflating: C:\Users\Igorj\.cache\firebase\emulators\ui-v1.14.0\client\favicon.ico
[debug] [2025-01-17T22:20:50.246Z] [unzip] Entry: client/index.html (compressed_size=1363 bytes, uncompressed_size=3071 bytes)
[debug] [2025-01-17T22:20:50.246Z] [unzip] Processing entry: client\index.html
[debug] [2025-01-17T22:20:50.246Z] [unzip] else mkdir: C:\Users\Igorj\.cache\firebase\emulators\ui-v1.14.0\client
[debug] [2025-01-17T22:20:50.247Z] [unzip] deflating: C:\Users\Igorj\.cache\firebase\emulators\ui-v1.14.0\client\index.html
[debug] [2025-01-17T22:20:50.254Z] [unzip] Entry: client/android-chrome-192x192.png (compressed_size=2684 bytes, uncompressed_size=2684 bytes)
[debug] [2025-01-17T22:20:50.254Z] [unzip] Processing entry: client\android-chrome-192x192.png
[debug] [2025-01-17T22:20:50.254Z] [unzip] else mkdir: C:\Users\Igorj\.cache\firebase\emulators\ui-v1.14.0\client
[debug] [2025-01-17T22:20:50.255Z] [unzip] Writing file: C:\Users\Igorj\.cache\firebase\emulators\ui-v1.14.0\client\android-chrome-192x192.png
[debug] [2025-01-17T22:20:50.263Z] [unzip] Entry: client/apple-touch-icon.png (compressed_size=2123 bytes, uncompressed_size=2152 bytes)
[debug] [2025-01-17T22:20:50.264Z] [unzip] Processing entry: client\apple-touch-icon.png
[debug] [2025-01-17T22:20:50.264Z] [unzip] else mkdir: C:\Users\Igorj\.cache\firebase\emulators\ui-v1.14.0\client
[debug] [2025-01-17T22:20:50.264Z] [unzip] deflating: C:\Users\Igorj\.cache\firebase\emulators\ui-v1.14.0\client\apple-touch-icon.png
[debug] [2025-01-17T22:20:50.267Z] [unzip] Entry: client/android-chrome-512x512.png (compressed_size=5369 bytes, uncompressed_size=5411 bytes)
[debug] [2025-01-17T22:20:50.267Z] [unzip] Processing entry: client\android-chrome-512x512.png
[debug] [2025-01-17T22:20:50.267Z] [unzip] else mkdir: C:\Users\Igorj\.cache\firebase\emulators\ui-v1.14.0\client
[debug] [2025-01-17T22:20:50.267Z] [unzip] deflating: C:\Users\Igorj\.cache\firebase\emulators\ui-v1.14.0\client\android-chrome-512x512.png
[debug] [2025-01-17T22:20:50.270Z] [unzip] Entry: client/manifest.json (compressed_size=245 bytes, uncompressed_size=551 bytes)
[debug] [2025-01-17T22:20:50.270Z] [unzip] Processing entry: client\manifest.json
[debug] [2025-01-17T22:20:50.270Z] [unzip] else mkdir: C:\Users\Igorj\.cache\firebase\emulators\ui-v1.14.0\client
[debug] [2025-01-17T22:20:50.270Z] [unzip] deflating: C:\Users\Igorj\.cache\firebase\emulators\ui-v1.14.0\client\manifest.json
[debug] [2025-01-17T22:20:50.272Z] [unzip] Entry: client/robots.txt (compressed_size=26 bytes, uncompressed_size=26 bytes)
[debug] [2025-01-17T22:20:50.272Z] [unzip] Processing entry: client\robots.txt
[debug] [2025-01-17T22:20:50.272Z] [unzip] else mkdir: C:\Users\Igorj\.cache\firebase\emulators\ui-v1.14.0\client
[debug] [2025-01-17T22:20:50.272Z] [unzip] Writing file: C:\Users\Igorj\.cache\firebase\emulators\ui-v1.14.0\client\robots.txt
[debug] [2025-01-17T22:20:50.274Z] [unzip] Entry: client/mstile-150x150.png (compressed_size=2034 bytes, uncompressed_size=2034 bytes)
[debug] [2025-01-17T22:20:50.274Z] [unzip] Processing entry: client\mstile-150x150.png
[debug] [2025-01-17T22:20:50.274Z] [unzip] else mkdir: C:\Users\Igorj\.cache\firebase\emulators\ui-v1.14.0\client
[debug] [2025-01-17T22:20:50.275Z] [unzip] Writing file: C:\Users\Igorj\.cache\firebase\emulators\ui-v1.14.0\client\mstile-150x150.png
[debug] [2025-01-17T22:20:50.276Z] [unzip] Entry: client/assets/ (compressed_size=0 bytes, uncompressed_size=0 bytes)
[debug] [2025-01-17T22:20:50.276Z] [unzip] Processing entry: client\assets\
[debug] [2025-01-17T22:20:50.276Z] [unzip] mkdir: C:\Users\Igorj\.cache\firebase\emulators\ui-v1.14.0\client\assets\
[debug] [2025-01-17T22:20:50.278Z] [unzip] Entry: client/assets/index-ClZTY_JS.js.map (compressed_size=2328270 bytes, uncompressed_size=9947004 bytes)
[debug] [2025-01-17T22:20:50.278Z] [unzip] Processing entry: client\assets\index-ClZTY_JS.js.map
[debug] [2025-01-17T22:20:50.278Z] [unzip] else mkdir: C:\Users\Igorj\.cache\firebase\emulators\ui-v1.14.0\client\assets
[debug] [2025-01-17T22:20:50.278Z] [unzip] deflating: C:\Users\Igorj\.cache\firebase\emulators\ui-v1.14.0\client\assets\index-ClZTY_JS.js.map
[debug] [2025-01-17T22:20:50.356Z] [unzip] Entry: client/assets/index-ClZTY_JS.js (compressed_size=567195 bytes, uncompressed_size=2035940 bytes)
[debug] [2025-01-17T22:20:50.356Z] [unzip] Processing entry: client\assets\index-ClZTY_JS.js
[debug] [2025-01-17T22:20:50.356Z] [unzip] else mkdir: C:\Users\Igorj\.cache\firebase\emulators\ui-v1.14.0\client\assets
[debug] [2025-01-17T22:20:50.356Z] [unzip] deflating: C:\Users\Igorj\.cache\firebase\emulators\ui-v1.14.0\client\assets\index-ClZTY_JS.js
[debug] [2025-01-17T22:20:50.380Z] [unzip] Entry: client/assets/index-BdgySamB.css (compressed_size=35979 bytes, uncompressed_size=298654 bytes)
[debug] [2025-01-17T22:20:50.380Z] [unzip] Processing entry: client\assets\index-BdgySamB.css
[debug] [2025-01-17T22:20:50.380Z] [unzip] else mkdir: C:\Users\Igorj\.cache\firebase\emulators\ui-v1.14.0\client\assets
[debug] [2025-01-17T22:20:50.380Z] [unzip] deflating: C:\Users\Igorj\.cache\firebase\emulators\ui-v1.14.0\client\assets\index-BdgySamB.css
[debug] [2025-01-17T22:20:50.386Z] [unzip] Entry: client/assets/extensions/ (compressed_size=0 bytes, uncompressed_size=0 bytes)
[debug] [2025-01-17T22:20:50.386Z] [unzip] Processing entry: client\assets\extensions\
[debug] [2025-01-17T22:20:50.386Z] [unzip] mkdir: C:\Users\Igorj\.cache\firebase\emulators\ui-v1.14.0\client\assets\extensions\
[debug] [2025-01-17T22:20:50.387Z] [unzip] Entry: client/assets/extensions/default-extension.png (compressed_size=1646 bytes, uncompressed_size=1657 bytes)
[debug] [2025-01-17T22:20:50.388Z] [unzip] Processing entry: client\assets\extensions\default-extension.png
[debug] [2025-01-17T22:20:50.388Z] [unzip] else mkdir: C:\Users\Igorj\.cache\firebase\emulators\ui-v1.14.0\client\assets\extensions
[debug] [2025-01-17T22:20:50.388Z] [unzip] deflating: C:\Users\Igorj\.cache\firebase\emulators\ui-v1.14.0\client\assets\extensions\default-extension.png
[debug] [2025-01-17T22:20:50.391Z] [unzip] Entry: client/assets/img/ (compressed_size=0 bytes, uncompressed_size=0 bytes)
[debug] [2025-01-17T22:20:50.391Z] [unzip] Processing entry: client\assets\img\
[debug] [2025-01-17T22:20:50.391Z] [unzip] mkdir: C:\Users\Igorj\.cache\firebase\emulators\ui-v1.14.0\client\assets\img\
[debug] [2025-01-17T22:20:50.392Z] [unzip] Entry: client/assets/img/database.png (compressed_size=29449 bytes, uncompressed_size=29988 bytes)
[debug] [2025-01-17T22:20:50.392Z] [unzip] Processing entry: client\assets\img\database.png
[debug] [2025-01-17T22:20:50.392Z] [unzip] else mkdir: C:\Users\Igorj\.cache\firebase\emulators\ui-v1.14.0\client\assets\img
[debug] [2025-01-17T22:20:50.392Z] [unzip] deflating: C:\Users\Igorj\.cache\firebase\emulators\ui-v1.14.0\client\assets\img\database.png
[debug] [2025-01-17T22:20:50.395Z] [unzip] Entry: client/assets/provider-icons/ (compressed_size=0 bytes, uncompressed_size=0 bytes)
[debug] [2025-01-17T22:20:50.395Z] [unzip] Processing entry: client\assets\provider-icons\
[debug] [2025-01-17T22:20:50.395Z] [unzip] mkdir: C:\Users\Igorj\.cache\firebase\emulators\ui-v1.14.0\client\assets\provider-icons\
[debug] [2025-01-17T22:20:50.396Z] [unzip] Entry: client/assets/provider-icons/auth_service_saml.svg (compressed_size=575 bytes, uncompressed_size=1226 bytes)
[debug] [2025-01-17T22:20:50.396Z] [unzip] Processing entry: client\assets\provider-icons\auth_service_saml.svg
[debug] [2025-01-17T22:20:50.396Z] [unzip] else mkdir: C:\Users\Igorj\.cache\firebase\emulators\ui-v1.14.0\client\assets\provider-icons
[debug] [2025-01-17T22:20:50.396Z] [unzip] deflating: C:\Users\Igorj\.cache\firebase\emulators\ui-v1.14.0\client\assets\provider-icons\auth_service_saml.svg
[debug] [2025-01-17T22:20:50.398Z] [unzip] Entry: client/assets/provider-icons/auth_service_phone.svg (compressed_size=261 bytes, uncompressed_size=414 bytes)
[debug] [2025-01-17T22:20:50.399Z] [unzip] Processing entry: client\assets\provider-icons\auth_service_phone.svg
[debug] [2025-01-17T22:20:50.399Z] [unzip] else mkdir: C:\Users\Igorj\.cache\firebase\emulators\ui-v1.14.0\client\assets\provider-icons
[debug] [2025-01-17T22:20:50.399Z] [unzip] deflating: C:\Users\Igorj\.cache\firebase\emulators\ui-v1.14.0\client\assets\provider-icons\auth_service_phone.svg
[debug] [2025-01-17T22:20:50.401Z] [unzip] Entry: client/assets/provider-icons/auth_service_facebook.svg (compressed_size=289 bytes, uncompressed_size=457 bytes)
[debug] [2025-01-17T22:20:50.401Z] [unzip] Processing entry: client\assets\provider-icons\auth_service_facebook.svg
[debug] [2025-01-17T22:20:50.402Z] [unzip] else mkdir: C:\Users\Igorj\.cache\firebase\emulators\ui-v1.14.0\client\assets\provider-icons
[debug] [2025-01-17T22:20:50.402Z] [unzip] deflating: C:\Users\Igorj\.cache\firebase\emulators\ui-v1.14.0\client\assets\provider-icons\auth_service_facebook.svg
[debug] [2025-01-17T22:20:50.405Z] [unzip] Entry: client/assets/provider-icons/auth_service_game_center.svg (compressed_size=991 bytes, uncompressed_size=3921 bytes)
[debug] [2025-01-17T22:20:50.405Z] [unzip] Processing entry: client\assets\provider-icons\auth_service_game_center.svg
[debug] [2025-01-17T22:20:50.405Z] [unzip] else mkdir: C:\Users\Igorj\.cache\firebase\emulators\ui-v1.14.0\client\assets\provider-icons
[debug] [2025-01-17T22:20:50.406Z] [unzip] deflating: C:\Users\Igorj\.cache\firebase\emulators\ui-v1.14.0\client\assets\provider-icons\auth_service_game_center.svg
[debug] [2025-01-17T22:20:50.408Z] [unzip] Entry: client/assets/provider-icons/auth_service_apple.svg (compressed_size=230 bytes, uncompressed_size=334 bytes)
[debug] [2025-01-17T22:20:50.408Z] [unzip] Processing entry: client\assets\provider-icons\auth_service_apple.svg
[debug] [2025-01-17T22:20:50.408Z] [unzip] else mkdir: C:\Users\Igorj\.cache\firebase\emulators\ui-v1.14.0\client\assets\provider-icons
[debug] [2025-01-17T22:20:50.409Z] [unzip] deflating: C:\Users\Igorj\.cache\firebase\emulators\ui-v1.14.0\client\assets\provider-icons\auth_service_apple.svg
[debug] [2025-01-17T22:20:50.412Z] [unzip] Entry: client/assets/provider-icons/auth_service_github.svg (compressed_size=466 bytes, uncompressed_size=838 bytes)
[debug] [2025-01-17T22:20:50.412Z] [unzip] Processing entry: client\assets\provider-icons\auth_service_github.svg
[debug] [2025-01-17T22:20:50.412Z] [unzip] else mkdir: C:\Users\Igorj\.cache\firebase\emulators\ui-v1.14.0\client\assets\provider-icons
[debug] [2025-01-17T22:20:50.413Z] [unzip] deflating: C:\Users\Igorj\.cache\firebase\emulators\ui-v1.14.0\client\assets\provider-icons\auth_service_github.svg
[debug] [2025-01-17T22:20:50.415Z] [unzip] Entry: client/assets/provider-icons/auth_service_mslive.svg (compressed_size=203 bytes, uncompressed_size=378 bytes)
[debug] [2025-01-17T22:20:50.415Z] [unzip] Processing entry: client\assets\provider-icons\auth_service_mslive.svg
[debug] [2025-01-17T22:20:50.415Z] [unzip] else mkdir: C:\Users\Igorj\.cache\firebase\emulators\ui-v1.14.0\client\assets\provider-icons
[debug] [2025-01-17T22:20:50.416Z] [unzip] deflating: C:\Users\Igorj\.cache\firebase\emulators\ui-v1.14.0\client\assets\provider-icons\auth_service_mslive.svg
[debug] [2025-01-17T22:20:50.418Z] [unzip] Entry: client/assets/provider-icons/auth_service_yahoo.svg (compressed_size=577 bytes, uncompressed_size=1182 bytes)
[debug] [2025-01-17T22:20:50.418Z] [unzip] Processing entry: client\assets\provider-icons\auth_service_yahoo.svg
[debug] [2025-01-17T22:20:50.418Z] [unzip] else mkdir: C:\Users\Igorj\.cache\firebase\emulators\ui-v1.14.0\client\assets\provider-icons
[debug] [2025-01-17T22:20:50.418Z] [unzip] deflating: C:\Users\Igorj\.cache\firebase\emulators\ui-v1.14.0\client\assets\provider-icons\auth_service_yahoo.svg
[debug] [2025-01-17T22:20:50.420Z] [unzip] Entry: client/assets/provider-icons/auth_service_twitter.svg (compressed_size=444 bytes, uncompressed_size=751 bytes)
[debug] [2025-01-17T22:20:50.420Z] [unzip] Processing entry: client\assets\provider-icons\auth_service_twitter.svg
[debug] [2025-01-17T22:20:50.420Z] [unzip] else mkdir: C:\Users\Igorj\.cache\firebase\emulators\ui-v1.14.0\client\assets\provider-icons
[debug] [2025-01-17T22:20:50.421Z] [unzip] deflating: C:\Users\Igorj\.cache\firebase\emulators\ui-v1.14.0\client\assets\provider-icons\auth_service_twitter.svg
[debug] [2025-01-17T22:20:50.423Z] [unzip] Entry: client/assets/provider-icons/auth_service_play_games.svg (compressed_size=565 bytes, uncompressed_size=1173 bytes)
[debug] [2025-01-17T22:20:50.424Z] [unzip] Processing entry: client\assets\provider-icons\auth_service_play_games.svg
[debug] [2025-01-17T22:20:50.424Z] [unzip] else mkdir: C:\Users\Igorj\.cache\firebase\emulators\ui-v1.14.0\client\assets\provider-icons
[debug] [2025-01-17T22:20:50.424Z] [unzip] deflating: C:\Users\Igorj\.cache\firebase\emulators\ui-v1.14.0\client\assets\provider-icons\auth_service_play_games.svg
[debug] [2025-01-17T22:20:50.426Z] [unzip] Entry: client/assets/provider-icons/auth_service_email.svg (compressed_size=228 bytes, uncompressed_size=326 bytes)
[debug] [2025-01-17T22:20:50.426Z] [unzip] Processing entry: client\assets\provider-icons\auth_service_email.svg
[debug] [2025-01-17T22:20:50.426Z] [unzip] else mkdir: C:\Users\Igorj\.cache\firebase\emulators\ui-v1.14.0\client\assets\provider-icons
[debug] [2025-01-17T22:20:50.427Z] [unzip] deflating: C:\Users\Igorj\.cache\firebase\emulators\ui-v1.14.0\client\assets\provider-icons\auth_service_email.svg
[debug] [2025-01-17T22:20:50.429Z] [unzip] Entry: client/assets/provider-icons/auth_service_google.svg (compressed_size=409 bytes, uncompressed_size=720 bytes)
[debug] [2025-01-17T22:20:50.429Z] [unzip] Processing entry: client\assets\provider-icons\auth_service_google.svg
[debug] [2025-01-17T22:20:50.429Z] [unzip] else mkdir: C:\Users\Igorj\.cache\firebase\emulators\ui-v1.14.0\client\assets\provider-icons
[debug] [2025-01-17T22:20:50.429Z] [unzip] deflating: C:\Users\Igorj\.cache\firebase\emulators\ui-v1.14.0\client\assets\provider-icons\auth_service_google.svg
[debug] [2025-01-17T22:20:50.431Z] [unzip] Entry: client/assets/provider-icons/auth_service_oidc.svg (compressed_size=414 bytes, uncompressed_size=858 bytes)
[debug] [2025-01-17T22:20:50.431Z] [unzip] Processing entry: client\assets\provider-icons\auth_service_oidc.svg
[debug] [2025-01-17T22:20:50.431Z] [unzip] else mkdir: C:\Users\Igorj\.cache\firebase\emulators\ui-v1.14.0\client\assets\provider-icons
[debug] [2025-01-17T22:20:50.432Z] [unzip] deflating: C:\Users\Igorj\.cache\firebase\emulators\ui-v1.14.0\client\assets\provider-icons\auth_service_oidc.svg
[debug] [2025-01-17T22:20:50.434Z] [unzip] Entry: client/browserconfig.xml (compressed_size=491 bytes, uncompressed_size=822 bytes)
[debug] [2025-01-17T22:20:50.435Z] [unzip] Processing entry: client\browserconfig.xml
[debug] [2025-01-17T22:20:50.435Z] [unzip] else mkdir: C:\Users\Igorj\.cache\firebase\emulators\ui-v1.14.0\client
[debug] [2025-01-17T22:20:50.436Z] [unzip] deflating: C:\Users\Igorj\.cache\firebase\emulators\ui-v1.14.0\client\browserconfig.xml
[debug] [2025-01-17T22:20:50.438Z] [unzip] Entry: client/favicon-32x32.png (compressed_size=475 bytes, uncompressed_size=475 bytes)
[debug] [2025-01-17T22:20:50.439Z] [unzip] Processing entry: client\favicon-32x32.png
[debug] [2025-01-17T22:20:50.439Z] [unzip] else mkdir: C:\Users\Igorj\.cache\firebase\emulators\ui-v1.14.0\client
[debug] [2025-01-17T22:20:50.439Z] [unzip] Writing file: C:\Users\Igorj\.cache\firebase\emulators\ui-v1.14.0\client\favicon-32x32.png
[debug] [2025-01-17T22:20:50.441Z] [unzip] Entry: server/ (compressed_size=0 bytes, uncompressed_size=0 bytes)
[debug] [2025-01-17T22:20:50.441Z] [unzip] Processing entry: server\
[debug] [2025-01-17T22:20:50.441Z] [unzip] mkdir: C:\Users\Igorj\.cache\firebase\emulators\ui-v1.14.0\server\
[debug] [2025-01-17T22:20:50.442Z] [unzip] Entry: server/server.mjs.map (compressed_size=296496 bytes, uncompressed_size=1355667 bytes)
[debug] [2025-01-17T22:20:50.442Z] [unzip] Processing entry: server\server.mjs.map
[debug] [2025-01-17T22:20:50.442Z] [unzip] else mkdir: C:\Users\Igorj\.cache\firebase\emulators\ui-v1.14.0\server
[debug] [2025-01-17T22:20:50.442Z] [unzip] deflating: C:\Users\Igorj\.cache\firebase\emulators\ui-v1.14.0\server\server.mjs.map
[debug] [2025-01-17T22:20:50.451Z] [unzip] Entry: server/server.mjs (compressed_size=315701 bytes, uncompressed_size=1172682 bytes)
[debug] [2025-01-17T22:20:50.451Z] [unzip] Processing entry: server\server.mjs
[debug] [2025-01-17T22:20:50.451Z] [unzip] else mkdir: C:\Users\Igorj\.cache\firebase\emulators\ui-v1.14.0\server
[debug] [2025-01-17T22:20:50.452Z] [unzip] deflating: C:\Users\Igorj\.cache\firebase\emulators\ui-v1.14.0\server\server.mjs
[debug] [2025-01-17T22:20:50.459Z] [unzip] Entry: server/assets/ (compressed_size=0 bytes, uncompressed_size=0 bytes)
[debug] [2025-01-17T22:20:50.459Z] [unzip] Processing entry: server\assets\
[debug] [2025-01-17T22:20:50.459Z] [unzip] mkdir: C:\Users\Igorj\.cache\firebase\emulators\ui-v1.14.0\server\assets\
[debug] [2025-01-17T22:20:50.460Z] [unzip] Entry: server/assets/multipart-parser-DGCUZdXu.mjs.map (compressed_size=4791 bytes, uncompressed_size=17918 bytes)
[debug] [2025-01-17T22:20:50.460Z] [unzip] Processing entry: server\assets\multipart-parser-DGCUZdXu.mjs.map
[debug] [2025-01-17T22:20:50.460Z] [unzip] else mkdir: C:\Users\Igorj\.cache\firebase\emulators\ui-v1.14.0\server\assets
[debug] [2025-01-17T22:20:50.460Z] [unzip] deflating: C:\Users\Igorj\.cache\firebase\emulators\ui-v1.14.0\server\assets\multipart-parser-DGCUZdXu.mjs.map
[debug] [2025-01-17T22:20:50.462Z] [unzip] Entry: server/assets/multipart-parser-DGCUZdXu.mjs (compressed_size=2621 bytes, uncompressed_size=10390 bytes)
[debug] [2025-01-17T22:20:50.462Z] [unzip] Processing entry: server\assets\multipart-parser-DGCUZdXu.mjs
[debug] [2025-01-17T22:20:50.462Z] [unzip] else mkdir: C:\Users\Igorj\.cache\firebase\emulators\ui-v1.14.0\server\assets
[debug] [2025-01-17T22:20:50.463Z] [unzip] deflating: C:\Users\Igorj\.cache\firebase\emulators\ui-v1.14.0\server\assets\multipart-parser-DGCUZdXu.mjs
[debug] [2025-01-17T22:20:50.474Z] Could not find VSCode notification endpoint: FetchError: request to http://localhost:40001/vscode/notify failed, reason: connect ECONNREFUSED ::1:40001. If you are not running the Firebase Data Connect VSCode extension, this is expected and not an issue.
[info] 
┌─────────────────────────────────────────────────────────────┐
│ ✔  All emulators ready! It is now safe to connect your app. │
│ i  View Emulator UI at http://127.0.0.1:4000/               │
└─────────────────────────────────────────────────────────────┘

┌───────────┬────────────────┬─────────────────────────────────┐
│ Emulator  │ Host:Port      │ View in Emulator UI             │
├───────────┼────────────────┼─────────────────────────────────┤
│ Firestore │ 127.0.0.1:8080 │ http://127.0.0.1:4000/firestore │
├───────────┼────────────────┼─────────────────────────────────┤
│ Database  │ 127.0.0.1:9000 │ http://127.0.0.1:4000/database  │
└───────────┴────────────────┴─────────────────────────────────┘
  Emulator Hub running at 127.0.0.1:4400
  Other reserved ports: 4500, 9150

Issues? Report them at https://github.com/firebase/firebase-tools/issues and attach the *-debug.log files.
 
